<?xml version="1.0" encoding="UTF-8"?>
<!-- Generated by org.testng.reporters.JUnitXMLReporter -->
<testsuite ignored="0" hostname="DESKTOP-NJU02AH" failures="0" tests="2" name="Error Validations Test" time="17.035" errors="0" timestamp="2024-09-19T18:32:09 IST">
  <testcase classname="rahulshettyacedemy.Tests.ErrorValidationsTest" name="ProductErrorValidation" time="6.469"/>
  <testcase classname="rahulshettyacedemy.Tests.ErrorValidationsTest" name="loginErrorValidation" time="5.004"/>
</testsuite> <!-- Error Validations Test -->
