<?xml version="1.0" encoding="UTF-8"?>
<!-- Generated by org.testng.reporters.JUnitXMLReporter -->
<testsuite ignored="0" hostname="DESKTOP-NJU02AH" failures="0" tests="2" name="Error Validations Test" time="40.798" errors="0" timestamp="2024-09-23T19:13:25 IST">
  <testcase classname="rahulshettyacedemy.Tests.ErrorValidationsTest" name="ProductErrorValidation" time="18.748"/>
  <testcase classname="rahulshettyacedemy.Tests.ErrorValidationsTest" name="loginErrorValidation" time="6.005"/>
</testsuite> <!-- Error Validations Test -->
