<?xml version="1.0" encoding="UTF-8"?>
<testng-results ignored="0" total="5" passed="5" failed="0" skipped="0">
  <reporter-output>
  </reporter-output>
  <suite started-at="2024-09-23T19:12:43 IST" name="Suite" finished-at="2024-09-23T19:13:42 IST" duration-ms="59528">
    <groups>
      <group name="ErrorHandling">
        <method signature="ErrorValidationsTest.ProductErrorValidation()[pri:0, instance:rahulshettyacedemy.Tests.ErrorValidationsTest@2fb0623e]" name="ProductErrorValidation" class="rahulshettyacedemy.Tests.ErrorValidationsTest"/>
        <method signature="ErrorValidationsTest.loginErrorValidation()[pri:0, instance:rahulshettyacedemy.Tests.ErrorValidationsTest@2fb0623e]" name="loginErrorValidation" class="rahulshettyacedemy.Tests.ErrorValidationsTest"/>
      </group> <!-- ErrorHandling -->
      <group name="purchase">
        <method signature="SubmitOrderTest.submitOrder(java.util.HashMap)[pri:1, instance:rahulshettyacedemy.Tests.SubmitOrderTest@23f5b5dc]" name="submitOrder" class="rahulshettyacedemy.Tests.SubmitOrderTest"/>
      </group> <!-- purchase -->
    </groups>
    <test started-at="2024-09-23T19:12:43 IST" name="Error Validations Test" finished-at="2024-09-23T19:13:24 IST" duration-ms="40798">
      <class name="rahulshettyacedemy.Tests.ErrorValidationsTest">
        <test-method is-config="true" signature="launchApplication()[pri:0, instance:rahulshettyacedemy.Tests.ErrorValidationsTest@2fb0623e]" started-at="2024-09-23T19:12:43 IST" name="launchApplication" finished-at="2024-09-23T19:12:58 IST" duration-ms="15231" status="PASS">
          <reporter-output>
          </reporter-output>
        </test-method> <!-- launchApplication -->
        <test-method signature="ProductErrorValidation()[pri:0, instance:rahulshettyacedemy.Tests.ErrorValidationsTest@2fb0623e]" started-at="2024-09-23T19:12:58 IST" name="ProductErrorValidation" finished-at="2024-09-23T19:13:17 IST" duration-ms="18748" status="PASS">
          <reporter-output>
          </reporter-output>
        </test-method> <!-- ProductErrorValidation -->
        <test-method signature="loginErrorValidation()[pri:0, instance:rahulshettyacedemy.Tests.ErrorValidationsTest@2fb0623e]" started-at="2024-09-23T19:13:17 IST" name="loginErrorValidation" finished-at="2024-09-23T19:13:23 IST" duration-ms="6005" status="PASS">
          <reporter-output>
          </reporter-output>
        </test-method> <!-- loginErrorValidation -->
        <test-method is-config="true" signature="tearDown()[pri:0, instance:rahulshettyacedemy.Tests.ErrorValidationsTest@2fb0623e]" started-at="2024-09-23T19:13:23 IST" name="tearDown" finished-at="2024-09-23T19:13:24 IST" duration-ms="701" status="PASS">
          <reporter-output>
          </reporter-output>
        </test-method> <!-- tearDown -->
      </class> <!-- rahulshettyacedemy.Tests.ErrorValidationsTest -->
    </test> <!-- Error Validations Test -->
    <test started-at="2024-09-23T19:12:43 IST" name="Submit Order Test" finished-at="2024-09-23T19:13:42 IST" duration-ms="59528">
      <class name="rahulshettyacedemy.Tests.SubmitOrderTest">
        <test-method is-config="true" signature="launchApplication()[pri:0, instance:rahulshettyacedemy.Tests.SubmitOrderTest@23f5b5dc]" started-at="2024-09-23T19:12:43 IST" name="launchApplication" finished-at="2024-09-23T19:12:59 IST" duration-ms="16471" status="PASS">
          <reporter-output>
          </reporter-output>
        </test-method> <!-- launchApplication -->
        <test-method signature="submitOrder(java.util.HashMap)[pri:1, instance:rahulshettyacedemy.Tests.SubmitOrderTest@23f5b5dc]" started-at="2024-09-23T19:13:00 IST" name="submitOrder" data-provider="getData" finished-at="2024-09-23T19:13:24 IST" duration-ms="23842" status="PASS">
          <params>
            <param index="0">
              <value>
                <![CDATA[{password=Tester@123, product=ZARA COAT 3, email=seleniumpractice45@gmail.com}]]>
              </value>
            </param>
          </params>
          <reporter-output>
          </reporter-output>
        </test-method> <!-- submitOrder -->
        <test-method signature="submitOrder(java.util.HashMap)[pri:1, instance:rahulshettyacedemy.Tests.SubmitOrderTest@23f5b5dc]" started-at="2024-09-23T19:13:24 IST" name="submitOrder" data-provider="getData" finished-at="2024-09-23T19:13:33 IST" duration-ms="8780" status="PASS">
          <params>
            <param index="0">
              <value>
                <![CDATA[{password=Tester@123, product=ADIDAS ORIGINAL, email=seleniumpractice46@gmail.com}]]>
              </value>
            </param>
          </params>
          <reporter-output>
          </reporter-output>
        </test-method> <!-- submitOrder -->
        <test-method signature="OrderHistoryTest()[pri:2, instance:rahulshettyacedemy.Tests.SubmitOrderTest@23f5b5dc]" started-at="2024-09-23T19:13:33 IST" name="OrderHistoryTest" finished-at="2024-09-23T19:13:41 IST" depends-on-methods="rahulshettyacedemy.Tests.SubmitOrderTest.submitOrder" duration-ms="8429" status="PASS">
          <reporter-output>
          </reporter-output>
        </test-method> <!-- OrderHistoryTest -->
        <test-method is-config="true" signature="tearDown()[pri:0, instance:rahulshettyacedemy.Tests.SubmitOrderTest@23f5b5dc]" started-at="2024-09-23T19:13:41 IST" name="tearDown" finished-at="2024-09-23T19:13:42 IST" duration-ms="1085" status="FAIL">
          <exception class="org.openqa.selenium.NoSuchSessionException">
            <message>
              <![CDATA[invalid session id
Build info: version: '4.16.1', revision: '9b4c83354e'
System info: os.name: 'Windows 11', os.arch: 'amd64', os.version: '10.0', java.version: '21.0.1'
Driver info: org.openqa.selenium.chrome.ChromeDriver
Command: [c8bcce4304e023a3eedede3ad56df2cd, close {}]
Capabilities {acceptInsecureCerts: false, browserName: chrome, browserVersion: 128.0.6613.137, chrome: {chromedriverVersion: 128.0.6613.137 (fe621c5aa2d..., userDataDir: C:\Users\Lenovo\AppData\Loc...}, fedcm:accounts: true, goog:chromeOptions: {debuggerAddress: localhost:62606}, networkConnectionEnabled: false, pageLoadStrategy: normal, platformName: windows, proxy: Proxy(), se:cdp: ws://localhost:62606/devtoo..., se:cdpVersion: 128.0.6613.137, setWindowRect: true, strictFileInteractability: false, timeouts: {implicit: 0, pageLoad: 300000, script: 30000}, unhandledPromptBehavior: dismiss and notify, webauthn:extension:credBlob: true, webauthn:extension:largeBlob: true, webauthn:extension:minPinLength: true, webauthn:extension:prf: true, webauthn:virtualAuthenticators: true}
Session ID: c8bcce4304e023a3eedede3ad56df2cd]]>
            </message>
            <full-stacktrace>
              <![CDATA[org.openqa.selenium.NoSuchSessionException: invalid session id
Build info: version: '4.16.1', revision: '9b4c83354e'
System info: os.name: 'Windows 11', os.arch: 'amd64', os.version: '10.0', java.version: '21.0.1'
Driver info: org.openqa.selenium.chrome.ChromeDriver
Command: [c8bcce4304e023a3eedede3ad56df2cd, close {}]
Capabilities {acceptInsecureCerts: false, browserName: chrome, browserVersion: 128.0.6613.137, chrome: {chromedriverVersion: 128.0.6613.137 (fe621c5aa2d..., userDataDir: C:\Users\Lenovo\AppData\Loc...}, fedcm:accounts: true, goog:chromeOptions: {debuggerAddress: localhost:62606}, networkConnectionEnabled: false, pageLoadStrategy: normal, platformName: windows, proxy: Proxy(), se:cdp: ws://localhost:62606/devtoo..., se:cdpVersion: 128.0.6613.137, setWindowRect: true, strictFileInteractability: false, timeouts: {implicit: 0, pageLoad: 300000, script: 30000}, unhandledPromptBehavior: dismiss and notify, webauthn:extension:credBlob: true, webauthn:extension:largeBlob: true, webauthn:extension:minPinLength: true, webauthn:extension:prf: true, webauthn:virtualAuthenticators: true}
Session ID: c8bcce4304e023a3eedede3ad56df2cd
at java.base/jdk.internal.reflect.DirectConstructorHandleAccessor.newInstance(DirectConstructorHandleAccessor.java:62)
at java.base/java.lang.reflect.Constructor.newInstanceWithCaller(Constructor.java:502)
at java.base/java.lang.reflect.Constructor.newInstance(Constructor.java:486)
at org.openqa.selenium.remote.codec.w3c.W3CHttpResponseCodec.createException(W3CHttpResponseCodec.java:200)
at org.openqa.selenium.remote.codec.w3c.W3CHttpResponseCodec.decode(W3CHttpResponseCodec.java:133)
at org.openqa.selenium.remote.codec.w3c.W3CHttpResponseCodec.decode(W3CHttpResponseCodec.java:52)
at org.openqa.selenium.remote.HttpCommandExecutor.execute(HttpCommandExecutor.java:191)
at org.openqa.selenium.remote.service.DriverCommandExecutor.invokeExecute(DriverCommandExecutor.java:200)
at org.openqa.selenium.remote.service.DriverCommandExecutor.execute(DriverCommandExecutor.java:175)
at org.openqa.selenium.remote.RemoteWebDriver.execute(RemoteWebDriver.java:523)
at org.openqa.selenium.remote.RemoteWebDriver.execute(RemoteWebDriver.java:596)
at org.openqa.selenium.remote.RemoteWebDriver.execute(RemoteWebDriver.java:600)
at org.openqa.selenium.remote.RemoteWebDriver.close(RemoteWebDriver.java:410)
at rahulshettyacedemy.Testcomponents.BaseTest.tearDown(BaseTest.java:90)
at java.base/jdk.internal.reflect.DirectMethodHandleAccessor.invoke(DirectMethodHandleAccessor.java:103)
at java.base/java.lang.reflect.Method.invoke(Method.java:580)
at org.testng.internal.invokers.MethodInvocationHelper.invokeMethod(MethodInvocationHelper.java:141)
at org.testng.internal.invokers.MethodInvocationHelper.invokeMethodConsideringTimeout(MethodInvocationHelper.java:71)
at org.testng.internal.invokers.ConfigInvoker.invokeConfigurationMethod(ConfigInvoker.java:400)
at org.testng.internal.invokers.ConfigInvoker.invokeConfigurations(ConfigInvoker.java:333)
at org.testng.TestRunner.invokeTestConfigurations(TestRunner.java:655)
at org.testng.TestRunner.afterRun(TestRunner.java:818)
at org.testng.TestRunner.run(TestRunner.java:616)
at org.testng.SuiteRunner.runTest(SuiteRunner.java:421)
at org.testng.SuiteRunner$SuiteWorker.run(SuiteRunner.java:463)
at org.testng.internal.thread.ThreadUtil.lambda$execute$0(ThreadUtil.java:64)
at java.base/java.util.concurrent.FutureTask.run(FutureTask.java:317)
at java.base/java.util.concurrent.ThreadPoolExecutor.runWorker(ThreadPoolExecutor.java:1144)
at java.base/java.util.concurrent.ThreadPoolExecutor$Worker.run(ThreadPoolExecutor.java:642)
at java.base/java.lang.Thread.run(Thread.java:1583)
]]>
            </full-stacktrace>
          </exception> <!-- org.openqa.selenium.NoSuchSessionException -->
          <reporter-output>
          </reporter-output>
        </test-method> <!-- tearDown -->
      </class> <!-- rahulshettyacedemy.Tests.SubmitOrderTest -->
    </test> <!-- Submit Order Test -->
  </suite> <!-- Suite -->
</testng-results>
